# JRE version: Java(TM) SE Runtime Environment (7.0_80-b15) (build 1.7.0_80-b15)
# Java VM: Java HotSpot(TM) 64-Bit Server VM (24.80-b11 mixed mode windows-amd64 compressed oops)
Heap
 PSYoungGen      total 427008K, used 143207K [0x00000007c1080000, 0x00000007ee700000, 0x0000000800000000)
  eden space 362496K, 21% used [0x00000007c1080000,0x00000007c5d5e770,0x00000007d7280000)
  from space 64512K, 99% used [0x00000007d7280000,0x00000007db17b7d8,0x00000007db180000)
  to   space 81920K, 0% used [0x00000007e9700000,0x00000007e9700000,0x00000007ee700000)
 ParOldGen       total 128512K, used 92954K [0x0000000743200000, 0x000000074af80000, 0x00000007c1080000)
  object space 128512K, 72% used [0x0000000743200000,0x0000000748cc6800,0x000000074af80000)
 PSPermGen       total 51200K, used 50877K [0x000000073e000000, 0x0000000741200000, 0x0000000743200000)
  object space 51200K, 99% used [0x000000073e000000,0x00000007411af7e0,0x0000000741200000)
GC Heap History (10 events):
Event: 4.918 GC heap before
{Heap before GC invocations=5 (full 0):
 PSYoungGen      total 105984K, used 105965K [0x00000007c1080000, 0x00000007c7f80000, 0x0000000800000000)
  eden space 98304K, 100% used [0x00000007c1080000,0x00000007c7080000,0x00000007c7080000)
  from space 7680K, 99% used [0x00000007c7800000,0x00000007c7f7b740,0x00000007c7f80000)
  to   space 7680K, 0% used [0x00000007c7080000,0x00000007c7080000,0x00000007c7800000)
 ParOldGen       total 128512K, used 12790K [0x0000000743200000, 0x000000074af80000, 0x00000007c1080000)
  object space 128512K, 9% used [0x0000000743200000,0x0000000743e7d8e8,0x000000074af80000)
 PSPermGen       total 26624K, used 26549K [0x000000073e000000, 0x000000073fa00000, 0x0000000743200000)
  object space 26624K, 99% used [0x000000073e000000,0x000000073f9ed788,0x000000073fa00000)
Event: 4.937 GC heap after
Heap after GC invocations=5 (full 0):
 PSYoungGen      total 105984K, used 7648K [0x00000007c1080000, 0x00000007cfc80000, 0x0000000800000000)
  eden space 98304K, 0% used [0x00000007c1080000,0x00000007c1080000,0x00000007c7080000)
  from space 7680K, 99% used [0x00000007c7080000,0x00000007c77f8010,0x00000007c7800000)
  to   space 22528K, 0% used [0x00000007ce680000,0x00000007ce680000,0x00000007cfc80000)
 ParOldGen       total 128512K, used 26735K [0x0000000743200000, 0x000000074af80000, 0x00000007c1080000)
  object space 128512K, 20% used [0x0000000743200000,0x0000000744c1be30,0x000000074af80000)
 PSPermGen       total 26624K, used 26549K [0x000000073e000000, 0x000000073fa00000, 0x0000000743200000)
  object space 26624K, 99% used [0x000000073e000000,0x000000073f9ed788,0x000000073fa00000)
}
Event: 5.469 GC heap before
{Heap before GC invocations=6 (full 0):
 PSYoungGen      total 105984K, used 105952K [0x00000007c1080000, 0x00000007cfc80000, 0x0000000800000000)
  eden space 98304K, 100% used [0x00000007c1080000,0x00000007c7080000,0x00000007c7080000)
  from space 7680K, 99% used [0x00000007c7080000,0x00000007c77f8010,0x00000007c7800000)
  to   space 22528K, 0% used [0x00000007ce680000,0x00000007ce680000,0x00000007cfc80000)
 ParOldGen       total 128512K, used 26735K [0x0000000743200000, 0x000000074af80000, 0x00000007c1080000)
  object space 128512K, 20% used [0x0000000743200000,0x0000000744c1be30,0x000000074af80000)
 PSPermGen       total 26624K, used 26584K [0x000000073e000000, 0x000000073fa00000, 0x0000000743200000)
  object space 26624K, 99% used [0x000000073e000000,0x000000073f9f6128,0x000000073fa00000)
Event: 5.492 GC heap after
Heap after GC invocations=6 (full 0):
 PSYoungGen      total 212480K, used 22518K [0x00000007c1080000, 0x00000007d0980000, 0x0000000800000000)
  eden space 189952K, 0% used [0x00000007c1080000,0x00000007c1080000,0x00000007cca00000)
  from space 22528K, 99% used [0x00000007ce680000,0x00000007cfc7daa8,0x00000007cfc80000)
  to   space 29184K, 0% used [0x00000007cca00000,0x00000007cca00000,0x00000007ce680000)
 ParOldGen       total 128512K, used 31485K [0x0000000743200000, 0x000000074af80000, 0x00000007c1080000)
  object space 128512K, 24% used [0x0000000743200000,0x00000007450bf7a8,0x000000074af80000)
 PSPermGen       total 26624K, used 26584K [0x000000073e000000, 0x000000073fa00000, 0x0000000743200000)
  object space 26624K, 99% used [0x000000073e000000,0x000000073f9f6128,0x000000073fa00000)
}
Event: 6.238 GC heap before
{Heap before GC invocations=7 (full 0):
 PSYoungGen      total 212480K, used 212470K [0x00000007c1080000, 0x00000007d0980000, 0x0000000800000000)
  eden space 189952K, 100% used [0x00000007c1080000,0x00000007cca00000,0x00000007cca00000)
  from space 22528K, 99% used [0x00000007ce680000,0x00000007cfc7daa8,0x00000007cfc80000)
  to   space 29184K, 0% used [0x00000007cca00000,0x00000007cca00000,0x00000007ce680000)
 ParOldGen       total 128512K, used 31485K [0x0000000743200000, 0x000000074af80000, 0x00000007c1080000)
  object space 128512K, 24% used [0x0000000743200000,0x00000007450bf7a8,0x000000074af80000)
 PSPermGen       total 26624K, used 26623K [0x000000073e000000, 0x000000073fa00000, 0x0000000743200000)
  object space 26624K, 99% used [0x000000073e000000,0x000000073f9ffc10,0x000000073fa00000)
Event: 6.280 GC heap after
Heap after GC invocations=7 (full 0):
 PSYoungGen      total 219136K, used 29176K [0x00000007c1080000, 0x00000007ddf80000, 0x0000000800000000)
  eden space 189952K, 0% used [0x00000007c1080000,0x00000007c1080000,0x00000007cca00000)
  from space 29184K, 99% used [0x00000007cca00000,0x00000007ce67e368,0x00000007ce680000)
  to   space 47104K, 0% used [0x00000007db180000,0x00000007db180000,0x00000007ddf80000)
 ParOldGen       total 128512K, used 57742K [0x0000000743200000, 0x000000074af80000, 0x00000007c1080000)
  object space 128512K, 44% used [0x0000000743200000,0x0000000746a63bd0,0x000000074af80000)
 PSPermGen       total 26624K, used 26623K [0x000000073e000000, 0x000000073fa00000, 0x0000000743200000)
  object space 26624K, 99% used [0x000000073e000000,0x000000073f9ffc10,0x000000073fa00000)
}
Event: 6.919 GC heap before
{Heap before GC invocations=8 (full 0):
 PSYoungGen      total 219136K, used 219128K [0x00000007c1080000, 0x00000007ddf80000, 0x0000000800000000)
  eden space 189952K, 100% used [0x00000007c1080000,0x00000007cca00000,0x00000007cca00000)
  from space 29184K, 99% used [0x00000007cca00000,0x00000007ce67e368,0x00000007ce680000)
  to   space 47104K, 0% used [0x00000007db180000,0x00000007db180000,0x00000007ddf80000)
 ParOldGen       total 128512K, used 57742K [0x0000000743200000, 0x000000074af80000, 0x00000007c1080000)
  object space 128512K, 44% used [0x0000000743200000,0x0000000746a63bd0,0x000000074af80000)
 PSPermGen       total 27136K, used 26638K [0x000000073e000000, 0x000000073fa80000, 0x0000000743200000)
  object space 27136K, 98% used [0x000000073e000000,0x000000073fa03b08,0x000000073fa80000)
Event: 6.967 GC heap after
Heap after GC invocations=8 (full 0):
 PSYoungGen      total 409600K, used 47088K [0x00000007c1080000, 0x00000007e0180000, 0x0000000800000000)
  eden space 362496K, 0% used [0x00000007c1080000,0x00000007c1080000,0x00000007d7280000)
  from space 47104K, 99% used [0x00000007db180000,0x00000007ddf7c168,0x00000007ddf80000)
  to   space 64512K, 0% used [0x00000007d7280000,0x00000007d7280000,0x00000007db180000)
 ParOldGen       total 128512K, used 78547K [0x0000000743200000, 0x000000074af80000, 0x00000007c1080000)
  object space 128512K, 61% used [0x0000000743200000,0x0000000747eb4e58,0x000000074af80000)
 PSPermGen       total 27136K, used 26638K [0x000000073e000000, 0x000000073fa80000, 0x0000000743200000)
  object space 27136K, 98% used [0x000000073e000000,0x000000073fa03b08,0x000000073fa80000)
}
Event: 22.377 GC heap before
{Heap before GC invocations=9 (full 0):
 PSYoungGen      total 409600K, used 409584K [0x00000007c1080000, 0x00000007e0180000, 0x0000000800000000)
  eden space 362496K, 100% used [0x00000007c1080000,0x00000007d7280000,0x00000007d7280000)
  from space 47104K, 99% used [0x00000007db180000,0x00000007ddf7c168,0x00000007ddf80000)
  to   space 64512K, 0% used [0x00000007d7280000,0x00000007d7280000,0x00000007db180000)
 ParOldGen       total 128512K, used 78547K [0x0000000743200000, 0x000000074af80000, 0x00000007c1080000)
  object space 128512K, 61% used [0x0000000743200000,0x0000000747eb4e58,0x000000074af80000)
 PSPermGen       total 46080K, used 45984K [0x000000073e000000, 0x0000000740d00000, 0x0000000743200000)
  object space 46080K, 99% used [0x000000073e000000,0x0000000740ce8360,0x0000000740d00000)
Event: 22.447 GC heap after
Heap after GC invocations=9 (full 0):
 PSYoungGen      total 427008K, used 64493K [0x00000007c1080000, 0x00000007ee700000, 0x0000000800000000)
  eden space 362496K, 0% used [0x00000007c1080000,0x00000007c1080000,0x00000007d7280000)
  from space 64512K, 99% used [0x00000007d7280000,0x00000007db17b7d8,0x00000007db180000)
  to   space 81920K, 0% used [0x00000007e9700000,0x00000007e9700000,0x00000007ee700000)
 ParOldGen       total 128512K, used 92954K [0x0000000743200000, 0x000000074af80000, 0x00000007c1080000)
  object space 128512K, 72% used [0x0000000743200000,0x0000000748cc6800,0x000000074af80000)
 PSPermGen       total 46080K, used 45984K [0x000000073e000000, 0x0000000740d00000, 0x0000000743200000)
  object space 46080K, 99% used [0x000000073e000000,0x0000000740ce8360,0x0000000740d00000)
}

